<?xml version="1.0" encoding="UTF-8"?>
<!-- Generated by org.testng.reporters.JUnitXMLReporter -->
<testsuite hostname="DESKTOP-LG7QVI3" name="Default test" tests="14" failures="0" timestamp="10 Dec 2020 09:22:46 GMT" time="252.885" errors="0">
  <testcase name="runScenario" time="15.817" classname="testrunner.TestNG"/>
  <testcase name="runScenario" time="14.346" classname="testrunner.TestNG"/>
  <testcase name="runScenario" time="12.21" classname="testrunner.TestNG"/>
  <testcase name="runScenario" time="12.344" classname="testrunner.TestNG"/>
  <testcase name="runScenario" time="12.075" classname="testrunner.TestNG"/>
  <testcase name="runScenario" time="16.538" classname="testrunner.TestNG"/>
  <testcase name="runScenario" time="20.486" classname="testrunner.TestNG"/>
  <testcase name="runScenario" time="20.25" classname="testrunner.TestNG"/>
  <testcase name="runScenario" time="20.913" classname="testrunner.TestNG"/>
  <testcase name="runScenario" time="24.502" classname="testrunner.TestNG"/>
  <testcase name="runScenario" time="26.389" classname="testrunner.TestNG"/>
  <testcase name="runScenario" time="19.49" classname="testrunner.TestNG"/>
  <testcase name="runScenario" time="18.366" classname="testrunner.TestNG"/>
  <testcase name="runScenario" time="18.68" classname="testrunner.TestNG"/>
</testsuite> <!-- Default test -->
